app/build/app/intermediates/manifest_merge_blame_file/release/manifest-merger-blame-release-report.txt
1<?xml version="1.0" encoding="utf-8"?>
2<manifest xmlns:android="http://schemas.android.com/apk/res/android"
3    package="com.example.mototalk"
4    android:versionCode="1"
5    android:versionName="1.0.0" >
6
7    <uses-sdk
8        android:minSdkVersion="21"
9        android:targetSdkVersion="34" />
10
11    <!-- Permissions -->
12    <uses-permission android:name="android.permission.INTERNET" />
12-->src/main/AndroidManifest.xml:5:5-67
12-->src/main/AndroidManifest.xml:5:22-64
13    <uses-permission android:name="android.permission.RECORD_AUDIO" />
13-->src/main/AndroidManifest.xml:6:5-71
13-->src/main/AndroidManifest.xml:6:22-68
14    <uses-permission android:name="android.permission.MODIFY_AUDIO_SETTINGS" />
14-->src/main/AndroidManifest.xml:7:5-80
14-->src/main/AndroidManifest.xml:7:22-77
15    <uses-permission
15-->src/main/AndroidManifest.xml:8:5-68
16        android:name="android.permission.BLUETOOTH"
16-->src/main/AndroidManifest.xml:8:22-65
17        android:maxSdkVersion="30" />
17-->[com.github.davidliu:audioswitch:89582c47c9a04c62f90aa5e57251af4800a62c9a] AndroidManifest.xml:11:9-35
18    <uses-permission android:name="android.permission.BLUETOOTH_ADMIN" />
18-->src/main/AndroidManifest.xml:9:5-74
18-->src/main/AndroidManifest.xml:9:22-71
19    <uses-permission android:name="android.permission.BLUETOOTH_CONNECT" />
19-->src/main/AndroidManifest.xml:10:5-76
19-->src/main/AndroidManifest.xml:10:22-73
20    <uses-permission android:name="android.permission.BLUETOOTH_SCAN" />
20-->src/main/AndroidManifest.xml:11:5-73
20-->src/main/AndroidManifest.xml:11:22-70
21    <uses-permission android:name="android.permission.WAKE_LOCK" />
21-->src/main/AndroidManifest.xml:12:5-68
21-->src/main/AndroidManifest.xml:12:22-65
22    <uses-permission android:name="android.permission.FOREGROUND_SERVICE" />
22-->src/main/AndroidManifest.xml:13:5-77
22-->src/main/AndroidManifest.xml:13:22-74
23    <uses-permission android:name="android.permission.FOREGROUND_SERVICE_MICROPHONE" />
23-->src/main/AndroidManifest.xml:14:5-88
23-->src/main/AndroidManifest.xml:14:22-85
24    <uses-permission android:name="android.permission.POST_NOTIFICATIONS" />
24-->src/main/AndroidManifest.xml:15:5-77
24-->src/main/AndroidManifest.xml:15:22-74
25    <uses-permission android:name="android.permission.ACCESS_NETWORK_STATE" />
25-->src/main/AndroidManifest.xml:16:5-79
25-->src/main/AndroidManifest.xml:16:22-76
26
27    <permission
27-->[androidx.core:core:1.13.1] AndroidManifest.xml:22:5-24:47
28        android:name="com.example.mototalk.DYNAMIC_RECEIVER_NOT_EXPORTED_PERMISSION"
28-->[androidx.core:core:1.13.1] AndroidManifest.xml:23:9-81
29        android:protectionLevel="signature" />
29-->[androidx.core:core:1.13.1] AndroidManifest.xml:24:9-44
30
31    <uses-permission android:name="com.example.mototalk.DYNAMIC_RECEIVER_NOT_EXPORTED_PERMISSION" />
31-->[androidx.core:core:1.13.1] AndroidManifest.xml:26:5-97
31-->[androidx.core:core:1.13.1] AndroidManifest.xml:26:22-94
32
33    <application
34        android:name="android.app.Application"
34-->src/main/AndroidManifest.xml:20:9-42
35        android:appComponentFactory="androidx.core.app.CoreComponentFactory"
35-->[androidx.core:core:1.13.1] AndroidManifest.xml:28:18-86
36        android:extractNativeLibs="true"
37        android:icon="@mipmap/ic_launcher"
37-->src/main/AndroidManifest.xml:21:9-43
38        android:label="MotoTalk"
38-->src/main/AndroidManifest.xml:19:9-33
39        android:requestLegacyExternalStorage="true" >
39-->src/main/AndroidManifest.xml:22:9-52
40        <activity
40-->src/main/AndroidManifest.xml:24:9-42:20
41            android:name="com.example.mototalk.MainActivity"
41-->src/main/AndroidManifest.xml:25:13-41
42            android:configChanges="orientation|keyboardHidden|keyboard|screenSize|smallestScreenSize|locale|layoutDirection|fontScale|screenLayout|density|uiMode"
42-->src/main/AndroidManifest.xml:29:13-163
43            android:exported="true"
43-->src/main/AndroidManifest.xml:26:13-36
44            android:hardwareAccelerated="true"
44-->src/main/AndroidManifest.xml:30:13-47
45            android:launchMode="singleTop"
45-->src/main/AndroidManifest.xml:27:13-43
46            android:theme="@style/LaunchTheme"
46-->src/main/AndroidManifest.xml:28:13-47
47            android:windowSoftInputMode="adjustResize" >
47-->src/main/AndroidManifest.xml:31:13-55
48            <meta-data
48-->src/main/AndroidManifest.xml:33:13-36:17
49                android:name="io.flutter.embedding.android.NormalTheme"
49-->src/main/AndroidManifest.xml:34:15-70
50                android:resource="@style/NormalTheme" />
50-->src/main/AndroidManifest.xml:35:15-52
51
52            <intent-filter>
52-->src/main/AndroidManifest.xml:38:13-41:29
53                <action android:name="android.intent.action.MAIN" />
53-->src/main/AndroidManifest.xml:39:17-68
53-->src/main/AndroidManifest.xml:39:25-66
54
55                <category android:name="android.intent.category.LAUNCHER" />
55-->src/main/AndroidManifest.xml:40:17-76
55-->src/main/AndroidManifest.xml:40:27-74
56            </intent-filter>
57        </activity>
58
59        <!-- Foreground Service for audio recording -->
60        <service
60-->src/main/AndroidManifest.xml:45:9-50:19
61            android:name="com.example.mototalk.AudioForegroundService"
61-->src/main/AndroidManifest.xml:46:13-51
62            android:enabled="true"
62-->src/main/AndroidManifest.xml:47:13-35
63            android:exported="false"
63-->src/main/AndroidManifest.xml:48:13-37
64            android:foregroundServiceType="microphone" >
64-->src/main/AndroidManifest.xml:49:13-55
65        </service>
66
67        <meta-data
67-->src/main/AndroidManifest.xml:52:9-54:33
68            android:name="flutterEmbedding"
68-->src/main/AndroidManifest.xml:53:13-44
69            android:value="2" />
69-->src/main/AndroidManifest.xml:54:13-30
70
71        <uses-library
71-->[androidx.window:window:1.2.0] AndroidManifest.xml:23:9-25:40
72            android:name="androidx.window.extensions"
72-->[androidx.window:window:1.2.0] AndroidManifest.xml:24:13-54
73            android:required="false" />
73-->[androidx.window:window:1.2.0] AndroidManifest.xml:25:13-37
74        <uses-library
74-->[androidx.window:window:1.2.0] AndroidManifest.xml:26:9-28:40
75            android:name="androidx.window.sidecar"
75-->[androidx.window:window:1.2.0] AndroidManifest.xml:27:13-51
76            android:required="false" />
76-->[androidx.window:window:1.2.0] AndroidManifest.xml:28:13-37
77
78        <provider
78-->[androidx.lifecycle:lifecycle-process:2.7.0] AndroidManifest.xml:24:9-32:20
79            android:name="androidx.startup.InitializationProvider"
79-->[androidx.lifecycle:lifecycle-process:2.7.0] AndroidManifest.xml:25:13-67
80            android:authorities="com.example.mototalk.androidx-startup"
80-->[androidx.lifecycle:lifecycle-process:2.7.0] AndroidManifest.xml:26:13-68
81            android:exported="false" >
81-->[androidx.lifecycle:lifecycle-process:2.7.0] AndroidManifest.xml:27:13-37
82            <meta-data
82-->[androidx.lifecycle:lifecycle-process:2.7.0] AndroidManifest.xml:29:13-31:52
83                android:name="androidx.lifecycle.ProcessLifecycleInitializer"
83-->[androidx.lifecycle:lifecycle-process:2.7.0] AndroidManifest.xml:30:17-78
84                android:value="androidx.startup" />
84-->[androidx.lifecycle:lifecycle-process:2.7.0] AndroidManifest.xml:31:17-49
85            <meta-data
85-->[androidx.profileinstaller:profileinstaller:1.3.1] AndroidManifest.xml:29:13-31:52
86                android:name="androidx.profileinstaller.ProfileInstallerInitializer"
86-->[androidx.profileinstaller:profileinstaller:1.3.1] AndroidManifest.xml:30:17-85
87                android:value="androidx.startup" />
87-->[androidx.profileinstaller:profileinstaller:1.3.1] AndroidManifest.xml:31:17-49
88        </provider>
89
90        <receiver
90-->[androidx.profileinstaller:profileinstaller:1.3.1] AndroidManifest.xml:34:9-52:20
91            android:name="androidx.profileinstaller.ProfileInstallReceiver"
91-->[androidx.profileinstaller:profileinstaller:1.3.1] AndroidManifest.xml:35:13-76
92            android:directBootAware="false"
92-->[androidx.profileinstaller:profileinstaller:1.3.1] AndroidManifest.xml:36:13-44
93            android:enabled="true"
93-->[androidx.profileinstaller:profileinstaller:1.3.1] AndroidManifest.xml:37:13-35
94            android:exported="true"
94-->[androidx.profileinstaller:profileinstaller:1.3.1] AndroidManifest.xml:38:13-36
95            android:permission="android.permission.DUMP" >
95-->[androidx.profileinstaller:profileinstaller:1.3.1] AndroidManifest.xml:39:13-57
96            <intent-filter>
96-->[androidx.profileinstaller:profileinstaller:1.3.1] AndroidManifest.xml:40:13-42:29
97                <action android:name="androidx.profileinstaller.action.INSTALL_PROFILE" />
97-->[androidx.profileinstaller:profileinstaller:1.3.1] AndroidManifest.xml:41:17-91
97-->[androidx.profileinstaller:profileinstaller:1.3.1] AndroidManifest.xml:41:25-88
98            </intent-filter>
99            <intent-filter>
99-->[androidx.profileinstaller:profileinstaller:1.3.1] AndroidManifest.xml:43:13-45:29
100                <action android:name="androidx.profileinstaller.action.SKIP_FILE" />
100-->[androidx.profileinstaller:profileinstaller:1.3.1] AndroidManifest.xml:44:17-85
100-->[androidx.profileinstaller:profileinstaller:1.3.1] AndroidManifest.xml:44:25-82
101            </intent-filter>
102            <intent-filter>
102-->[androidx.profileinstaller:profileinstaller:1.3.1] AndroidManifest.xml:46:13-48:29
103                <action android:name="androidx.profileinstaller.action.SAVE_PROFILE" />
103-->[androidx.profileinstaller:profileinstaller:1.3.1] AndroidManifest.xml:47:17-88
103-->[androidx.profileinstaller:profileinstaller:1.3.1] AndroidManifest.xml:47:25-85
104            </intent-filter>
105            <intent-filter>
105-->[androidx.profileinstaller:profileinstaller:1.3.1] AndroidManifest.xml:49:13-51:29
106                <action android:name="androidx.profileinstaller.action.BENCHMARK_OPERATION" />
106-->[androidx.profileinstaller:profileinstaller:1.3.1] AndroidManifest.xml:50:17-95
106-->[androidx.profileinstaller:profileinstaller:1.3.1] AndroidManifest.xml:50:25-92
107            </intent-filter>
108        </receiver>
109    </application>
110
111</manifest>